{"/Users/Johnny/Documents/github.bubkoo/json-from-template/lib/rule.js":{"path":"/Users/Johnny/Documents/github.bubkoo/json-from-template/lib/rule.js","s":{"1":1,"2":1,"3":1,"4":1,"5":1,"6":1,"7":22,"8":22,"9":22,"10":1,"11":21,"12":21,"13":21,"14":21,"15":21,"16":20,"17":20,"18":21,"19":12,"20":12,"21":10,"22":10,"23":10,"24":9,"25":9,"26":9,"27":10,"28":6,"29":6,"30":6,"31":21,"32":21},"b":{"1":[22,0],"2":[1,21],"3":[22,1],"4":[20,1],"5":[21,21],"6":[20,1],"7":[20,5],"8":[5,15],"9":[15,3],"10":[12,9],"11":[21,20],"12":[10,2],"13":[9,1],"14":[9,9],"15":[9,6],"16":[6,4],"17":[6,1],"18":[6,2]},"f":{"1":22},"fnMap":{"1":{"name":"(anonymous_1)","line":10,"loc":{"start":{"line":10,"column":16},"end":{"line":10,"column":39}}}},"statementMap":{"1":{"start":{"line":3,"column":0},"end":{"line":3,"column":44}},"2":{"start":{"line":4,"column":0},"end":{"line":4,"column":47}},"3":{"start":{"line":5,"column":0},"end":{"line":5,"column":52}},"4":{"start":{"line":6,"column":0},"end":{"line":6,"column":30}},"5":{"start":{"line":7,"column":0},"end":{"line":7,"column":15}},"6":{"start":{"line":10,"column":0},"end":{"line":67,"column":2}},"7":{"start":{"line":13,"column":2},"end":{"line":13,"column":27}},"8":{"start":{"line":15,"column":2},"end":{"line":15,"column":27}},"9":{"start":{"line":16,"column":2},"end":{"line":18,"column":3}},"10":{"start":{"line":17,"column":4},"end":{"line":17,"column":18}},"11":{"start":{"line":21,"column":2},"end":{"line":21,"column":32}},"12":{"start":{"line":22,"column":2},"end":{"line":22,"column":53}},"13":{"start":{"line":23,"column":2},"end":{"line":23,"column":45}},"14":{"start":{"line":25,"column":2},"end":{"line":36,"column":4}},"15":{"start":{"line":38,"column":2},"end":{"line":41,"column":3}},"16":{"start":{"line":39,"column":4},"end":{"line":39,"column":55}},"17":{"start":{"line":40,"column":4},"end":{"line":40,"column":96}},"18":{"start":{"line":43,"column":2},"end":{"line":62,"column":3}},"19":{"start":{"line":45,"column":4},"end":{"line":45,"column":36}},"20":{"start":{"line":46,"column":4},"end":{"line":61,"column":5}},"21":{"start":{"line":47,"column":6},"end":{"line":47,"column":45}},"22":{"start":{"line":48,"column":6},"end":{"line":48,"column":48}},"23":{"start":{"line":50,"column":6},"end":{"line":54,"column":7}},"24":{"start":{"line":51,"column":8},"end":{"line":51,"column":46}},"25":{"start":{"line":52,"column":8},"end":{"line":52,"column":61}},"26":{"start":{"line":53,"column":8},"end":{"line":53,"column":61}},"27":{"start":{"line":56,"column":6},"end":{"line":60,"column":7}},"28":{"start":{"line":57,"column":8},"end":{"line":57,"column":46}},"29":{"start":{"line":58,"column":8},"end":{"line":58,"column":61}},"30":{"start":{"line":59,"column":8},"end":{"line":59,"column":61}},"31":{"start":{"line":64,"column":2},"end":{"line":64,"column":23}},"32":{"start":{"line":66,"column":2},"end":{"line":66,"column":16}}},"branchMap":{"1":{"line":13,"type":"binary-expr","locations":[{"start":{"line":13,"column":10},"end":{"line":13,"column":19}},{"start":{"line":13,"column":24},"end":{"line":13,"column":26}}]},"2":{"line":16,"type":"if","locations":[{"start":{"line":16,"column":2},"end":{"line":16,"column":2}},{"start":{"line":16,"column":2},"end":{"line":16,"column":2}}]},"3":{"line":16,"type":"binary-expr","locations":[{"start":{"line":16,"column":6},"end":{"line":16,"column":12}},{"start":{"line":16,"column":16},"end":{"line":16,"column":22}}]},"4":{"line":22,"type":"cond-expr","locations":[{"start":{"line":22,"column":24},"end":{"line":22,"column":45}},{"start":{"line":22,"column":48},"end":{"line":22,"column":52}}]},"5":{"line":23,"type":"binary-expr","locations":[{"start":{"line":23,"column":13},"end":{"line":23,"column":18}},{"start":{"line":23,"column":22},"end":{"line":23,"column":44}}]},"6":{"line":38,"type":"if","locations":[{"start":{"line":38,"column":2},"end":{"line":38,"column":2}},{"start":{"line":38,"column":2},"end":{"line":38,"column":2}}]},"7":{"line":39,"type":"binary-expr","locations":[{"start":{"line":39,"column":18},"end":{"line":39,"column":34}},{"start":{"line":39,"column":38},"end":{"line":39,"column":54}}]},"8":{"line":40,"type":"cond-expr","locations":[{"start":{"line":40,"column":43},"end":{"line":40,"column":54}},{"start":{"line":40,"column":57},"end":{"line":40,"column":95}}]},"9":{"line":40,"type":"binary-expr","locations":[{"start":{"line":40,"column":57},"end":{"line":40,"column":75}},{"start":{"line":40,"column":79},"end":{"line":40,"column":95}}]},"10":{"line":43,"type":"if","locations":[{"start":{"line":43,"column":2},"end":{"line":43,"column":2}},{"start":{"line":43,"column":2},"end":{"line":43,"column":2}}]},"11":{"line":43,"type":"binary-expr","locations":[{"start":{"line":43,"column":6},"end":{"line":43,"column":10}},{"start":{"line":43,"column":14},"end":{"line":43,"column":36}}]},"12":{"line":46,"type":"if","locations":[{"start":{"line":46,"column":4},"end":{"line":46,"column":4}},{"start":{"line":46,"column":4},"end":{"line":46,"column":4}}]},"13":{"line":50,"type":"if","locations":[{"start":{"line":50,"column":6},"end":{"line":50,"column":6}},{"start":{"line":50,"column":6},"end":{"line":50,"column":6}}]},"14":{"line":52,"type":"binary-expr","locations":[{"start":{"line":52,"column":22},"end":{"line":52,"column":33}},{"start":{"line":52,"column":37},"end":{"line":52,"column":60}}]},"15":{"line":53,"type":"binary-expr","locations":[{"start":{"line":53,"column":22},"end":{"line":53,"column":33}},{"start":{"line":53,"column":37},"end":{"line":53,"column":60}}]},"16":{"line":56,"type":"if","locations":[{"start":{"line":56,"column":6},"end":{"line":56,"column":6}},{"start":{"line":56,"column":6},"end":{"line":56,"column":6}}]},"17":{"line":58,"type":"binary-expr","locations":[{"start":{"line":58,"column":22},"end":{"line":58,"column":33}},{"start":{"line":58,"column":37},"end":{"line":58,"column":60}}]},"18":{"line":59,"type":"binary-expr","locations":[{"start":{"line":59,"column":22},"end":{"line":59,"column":33}},{"start":{"line":59,"column":37},"end":{"line":59,"column":60}}]}}}}