TN:
SF:/Users/Johnny/Documents/github.bubkoo/json-from-template/lib/rule.js
FN:10,(anonymous_1)
FNF:1
FNH:1
FNDA:22,(anonymous_1)
DA:3,1
DA:4,1
DA:5,1
DA:6,1
DA:7,1
DA:10,1
DA:13,22
DA:15,22
DA:16,22
DA:17,1
DA:21,21
DA:22,21
DA:23,21
DA:25,21
DA:38,21
DA:39,20
DA:40,20
DA:43,21
DA:45,12
DA:46,12
DA:47,10
DA:48,10
DA:50,10
DA:51,9
DA:52,9
DA:53,9
DA:56,10
DA:57,6
DA:58,6
DA:59,6
DA:64,21
DA:66,21
LF:32
LH:32
BRDA:13,1,0,22
BRDA:13,1,1,0
BRDA:16,2,0,1
BRDA:16,2,1,21
BRDA:16,3,0,22
BRDA:16,3,1,1
BRDA:22,4,0,20
BRDA:22,4,1,1
BRDA:23,5,0,21
BRDA:23,5,1,21
BRDA:38,6,0,20
BRDA:38,6,1,1
BRDA:39,7,0,20
BRDA:39,7,1,5
BRDA:40,8,0,5
BRDA:40,8,1,15
BRDA:40,9,0,15
BRDA:40,9,1,3
BRDA:43,10,0,12
BRDA:43,10,1,9
BRDA:43,11,0,21
BRDA:43,11,1,20
BRDA:46,12,0,10
BRDA:46,12,1,2
BRDA:50,13,0,9
BRDA:50,13,1,1
BRDA:52,14,0,9
BRDA:52,14,1,9
BRDA:53,15,0,9
BRDA:53,15,1,6
BRDA:56,16,0,6
BRDA:56,16,1,4
BRDA:58,17,0,6
BRDA:58,17,1,1
BRDA:59,18,0,6
BRDA:59,18,1,2
BRF:36
BRH:35
end_of_record
