TN:
SF:/Users/Johnny/Documents/github.bubkoo/json-from-template/lib/rule.js
FN:10,(anonymous_1)
FNF:1
FNH:1
FNDA:17,(anonymous_1)
DA:3,1
DA:4,1
DA:5,1
DA:6,1
DA:7,1
DA:10,1
DA:13,17
DA:15,17
DA:16,17
DA:17,0
DA:21,17
DA:22,17
DA:23,17
DA:25,17
DA:38,17
DA:39,17
DA:40,17
DA:43,17
DA:45,9
DA:46,9
DA:47,9
DA:48,9
DA:50,9
DA:51,8
DA:52,8
DA:53,8
DA:56,9
DA:57,6
DA:58,6
DA:59,6
DA:64,17
DA:66,17
LF:32
LH:31
BRDA:13,1,0,17
BRDA:13,1,1,0
BRDA:16,2,0,0
BRDA:16,2,1,17
BRDA:16,3,0,17
BRDA:16,3,1,0
BRDA:22,4,0,17
BRDA:22,4,1,0
BRDA:23,5,0,17
BRDA:23,5,1,17
BRDA:38,6,0,17
BRDA:38,6,1,0
BRDA:39,7,0,17
BRDA:39,7,1,5
BRDA:40,8,0,5
BRDA:40,8,1,12
BRDA:40,9,0,12
BRDA:40,9,1,3
BRDA:43,10,0,9
BRDA:43,10,1,8
BRDA:43,11,0,17
BRDA:43,11,1,17
BRDA:46,12,0,9
BRDA:46,12,1,0
BRDA:50,13,0,8
BRDA:50,13,1,1
BRDA:52,14,0,8
BRDA:52,14,1,8
BRDA:53,15,0,8
BRDA:53,15,1,6
BRDA:56,16,0,6
BRDA:56,16,1,3
BRDA:58,17,0,6
BRDA:58,17,1,1
BRDA:59,18,0,6
BRDA:59,18,1,2
BRF:36
BRH:30
end_of_record
